0 info it worked if it ends with ok
1 verbose cli [ 'node',
1 verbose cli   '/usr/local/bin/npm',
1 verbose cli   'install',
1 verbose cli   '--save',
1 verbose cli   'passport',
1 verbose cli   'passport-local' ]
2 info using npm@1.4.28
3 info using node@v0.10.33
4 warn package.json vacay-planner@1.0.0 No README data
5 verbose readDependencies using package.json deps
6 verbose cache add [ 'passport', null ]
7 verbose cache add name=undefined spec="passport" args=["passport",null]
8 verbose parsed url { protocol: null,
8 verbose parsed url   slashes: null,
8 verbose parsed url   auth: null,
8 verbose parsed url   host: null,
8 verbose parsed url   port: null,
8 verbose parsed url   hostname: null,
8 verbose parsed url   hash: null,
8 verbose parsed url   search: null,
8 verbose parsed url   query: null,
8 verbose parsed url   pathname: 'passport',
8 verbose parsed url   path: 'passport',
8 verbose parsed url   href: 'passport' }
9 verbose cache add [ 'passport-local', null ]
10 verbose cache add name=undefined spec="passport-local" args=["passport-local",null]
11 verbose parsed url { protocol: null,
11 verbose parsed url   slashes: null,
11 verbose parsed url   auth: null,
11 verbose parsed url   host: null,
11 verbose parsed url   port: null,
11 verbose parsed url   hostname: null,
11 verbose parsed url   hash: null,
11 verbose parsed url   search: null,
11 verbose parsed url   query: null,
11 verbose parsed url   pathname: 'passport-local',
11 verbose parsed url   path: 'passport-local',
11 verbose parsed url   href: 'passport-local' }
12 silly lockFile a3404013-passport passport
13 verbose lock passport /Users/raghavan/.npm/a3404013-passport.lock
14 silly lockFile defa4f15-passport-local passport-local
15 verbose lock passport-local /Users/raghavan/.npm/defa4f15-passport-local.lock
16 silly lockFile defa4f15-passport-local passport-local
17 silly lockFile defa4f15-passport-local passport-local
18 silly lockFile a3404013-passport passport
19 silly lockFile a3404013-passport passport
20 verbose addNamed [ 'passport-local', '' ]
21 verbose addNamed [ null, '*' ]
22 silly lockFile 20688a51-passport-local passport-local@
23 verbose lock passport-local@ /Users/raghavan/.npm/20688a51-passport-local.lock
24 verbose addNamed [ 'passport', '' ]
25 verbose addNamed [ null, '*' ]
26 silly lockFile d5a254c4-passport passport@
27 verbose lock passport@ /Users/raghavan/.npm/d5a254c4-passport.lock
28 silly addNameRange { name: 'passport-local', range: '*', hasData: false }
29 silly addNameRange { name: 'passport', range: '*', hasData: false }
30 verbose request where is /passport-local
31 verbose request registry https://registry.npmjs.org/
32 verbose request id 89c897cf2a5ba26f
33 verbose url raw /passport-local
34 verbose url resolving [ 'https://registry.npmjs.org/', './passport-local' ]
35 verbose url resolved https://registry.npmjs.org/passport-local
36 verbose request where is https://registry.npmjs.org/passport-local
37 info trying registry request attempt 1 at 09:50:18
38 http GET https://registry.npmjs.org/passport-local
39 info retry will retry, error on last attempt: Error: getaddrinfo ENOTFOUND
40 verbose request where is /passport
41 verbose request registry https://registry.npmjs.org/
42 verbose url raw /passport
43 verbose url resolving [ 'https://registry.npmjs.org/', './passport' ]
44 verbose url resolved https://registry.npmjs.org/passport
45 verbose request where is https://registry.npmjs.org/passport
46 info trying registry request attempt 1 at 09:50:18
47 verbose etag "5QSW4577ZIXI1LBO2ZVROAK2S"
48 http GET https://registry.npmjs.org/passport
49 info retry will retry, error on last attempt: Error: getaddrinfo ENOTFOUND
50 info trying registry request attempt 2 at 09:50:28
51 http GET https://registry.npmjs.org/passport-local
52 info retry will retry, error on last attempt: Error: getaddrinfo ENOTFOUND
53 info trying registry request attempt 2 at 09:50:28
54 verbose etag "5QSW4577ZIXI1LBO2ZVROAK2S"
55 http GET https://registry.npmjs.org/passport
56 info retry will retry, error on last attempt: Error: getaddrinfo ENOTFOUND
57 info trying registry request attempt 3 at 09:51:28
58 http GET https://registry.npmjs.org/passport-local
59 silly lockFile 20688a51-passport-local passport-local@
60 silly lockFile 20688a51-passport-local passport-local@
61 info trying registry request attempt 3 at 09:51:28
62 verbose etag "5QSW4577ZIXI1LBO2ZVROAK2S"
63 http GET https://registry.npmjs.org/passport
64 silly registry.get cb [ 304, undefined ]
65 verbose etag https://registry.npmjs.org/passport from cache
66 silly addNameRange number 2 { name: 'passport', range: '*', hasData: true }
67 silly addNameRange versions [ 'passport',
67 silly addNameRange   [ '0.1.0',
67 silly addNameRange     '0.1.1',
67 silly addNameRange     '0.1.2',
67 silly addNameRange     '0.1.3',
67 silly addNameRange     '0.1.4',
67 silly addNameRange     '0.1.5',
67 silly addNameRange     '0.1.6',
67 silly addNameRange     '0.1.7',
67 silly addNameRange     '0.1.8',
67 silly addNameRange     '0.1.9',
67 silly addNameRange     '0.1.10',
67 silly addNameRange     '0.1.11',
67 silly addNameRange     '0.1.12',
67 silly addNameRange     '0.1.13',
67 silly addNameRange     '0.1.14',
67 silly addNameRange     '0.1.15',
67 silly addNameRange     '0.1.16',
67 silly addNameRange     '0.1.17',
67 silly addNameRange     '0.1.18',
67 silly addNameRange     '0.2.0',
67 silly addNameRange     '0.2.1' ] ]
68 verbose addNamed [ 'passport', '0.2.1' ]
69 verbose addNamed [ '0.2.1', '0.2.1' ]
70 silly lockFile b563cf22-passport-0-2-1 passport@0.2.1
71 verbose lock passport@0.2.1 /Users/raghavan/.npm/b563cf22-passport-0-2-1.lock
72 silly lockFile b563cf22-passport-0-2-1 passport@0.2.1
73 silly lockFile b563cf22-passport-0-2-1 passport@0.2.1
74 silly lockFile d5a254c4-passport passport@
75 silly lockFile d5a254c4-passport passport@
76 error network getaddrinfo ENOTFOUND
76 error network This is most likely not a problem with npm itself
76 error network and is related to network connectivity.
76 error network In most cases you are behind a proxy or have bad network settings.
76 error network
76 error network If you are behind a proxy, please make sure that the
76 error network 'proxy' config is set properly.  See: 'npm help config'
77 error System Darwin 13.3.0
78 error command "node" "/usr/local/bin/npm" "install" "--save" "passport" "passport-local"
79 error cwd /Users/raghavan/Consulting/VacayPlanner/vacay-planner/admin
80 error node -v v0.10.33
81 error npm -v 1.4.28
82 error syscall getaddrinfo
83 error code ENOTFOUND
84 error errno ENOTFOUND
85 verbose exit [ 1, true ]
